<?xml version="1.0" encoding="UTF-8"?>
<!-- Generated by org.testng.reporters.JUnitReportReporter -->
<testsuite name="crmtestcases.Crm_login_page_test" tests="1" time="30.789" ignored="0" failures="0" timestamp="08 May 2020 05:25:03 GMT" skipped="0" hostname="LAPTOP-5UPICUBG" errors="0">
  <testcase name="Login_Successfuly" time="30.789" classname="crmtestcases.Crm_login_page_test"/>
</testsuite> <!-- crmtestcases.Crm_login_page_test -->
