<?xml version="1.0" encoding="UTF-8"?>
<!-- Generated by org.testng.reporters.JUnitReportReporter -->
<testsuite name="crmtestcases.CrmLog_out" tests="1" time="42.455" ignored="0" failures="0" timestamp="08 May 2020 05:13:40 GMT" skipped="0" hostname="LAPTOP-5UPICUBG" errors="0">
  <testcase name="logout" time="42.455" classname="crmtestcases.CrmLog_out"/>
</testsuite> <!-- crmtestcases.CrmLog_out -->
