<?xml version="1.0" encoding="UTF-8"?>
<!-- Generated by org.testng.reporters.JUnitReportReporter -->
<testsuite name="crmtestcases.CrmLog_out" tests="1" time="38.203" ignored="0" failures="0" timestamp="08 May 2020 05:18:44 GMT" skipped="0" hostname="LAPTOP-5UPICUBG" errors="0">
  <testcase name="logout" time="38.203" classname="crmtestcases.CrmLog_out"/>
</testsuite> <!-- crmtestcases.CrmLog_out -->
